InternshipProject/app/build/intermediates/manifest_merge_blame_file/debug/manifest-merger-blame-debug-report.txt
1<?xml version="1.0" encoding="utf-8"?>
2<manifest xmlns:android="http://schemas.android.com/apk/res/android"
3    package="com.example.translan"
4    android:versionCode="1"
5    android:versionName="1.0" >
6
7    <uses-sdk
8        android:minSdkVersion="16"
8-->src\main\AndroidManifest.xml
9        android:targetSdkVersion="29" />
9-->src\main\AndroidManifest.xml
10
11    <uses-permission android:name="android.permission.ACCESS_NETWORK_STATE" />
11-->src\main\AndroidManifest.xml:4:5-79
11-->src\main\AndroidManifest.xml:4:22-76
12    <uses-permission android:name="android.permission.INTERNET" />
12-->src\main\AndroidManifest.xml:5:5-67
12-->src\main\AndroidManifest.xml:5:22-64
13
14    <application
14-->src\main\AndroidManifest.xml:6:5-47:19
15        android:allowBackup="true"
15-->src\main\AndroidManifest.xml:7:9-35
16        android:appComponentFactory="androidx.core.app.CoreComponentFactory"
16-->[androidx.core:core:1.0.1] AndroidManifest.xml:22:18-86
17        android:debuggable="true"
18        android:icon="@mipmap/ic_launcher"
18-->src\main\AndroidManifest.xml:8:9-43
19        android:label="@string/app_name"
19-->src\main\AndroidManifest.xml:9:9-41
20        android:roundIcon="@mipmap/ic_launcher_round"
20-->src\main\AndroidManifest.xml:10:9-54
21        android:supportsRtl="true"
21-->src\main\AndroidManifest.xml:11:9-35
22        android:testOnly="true"
23        android:theme="@style/AppTheme" >
23-->src\main\AndroidManifest.xml:12:9-40
24        <activity android:name="com.example.translan.HomeActivity" >
24-->src\main\AndroidManifest.xml:13:9-19:20
24-->src\main\AndroidManifest.xml:13:19-47
25            <intent-filter>
25-->src\main\AndroidManifest.xml:14:13-18:29
26                <action android:name="android.intent.action.MAIN" />
26-->src\main\AndroidManifest.xml:15:17-69
26-->src\main\AndroidManifest.xml:15:25-66
27
28                <category android:name="android.intent.category.LAUNCHER" />
28-->src\main\AndroidManifest.xml:17:17-77
28-->src\main\AndroidManifest.xml:17:27-74
29            </intent-filter>
30        </activity>
31        <activity
31-->src\main\AndroidManifest.xml:20:9-28:20
32            android:name="com.example.translan.AboutActivity"
32-->src\main\AndroidManifest.xml:21:13-42
33            android:label="About"
33-->src\main\AndroidManifest.xml:22:13-34
34            android:parentActivityName="com.example.translan.HomeActivity"
34-->src\main\AndroidManifest.xml:23:13-55
35            android:screenOrientation="portrait" >
35-->src\main\AndroidManifest.xml:24:13-49
36            <meta-data
36-->src\main\AndroidManifest.xml:25:13-27:49
37                android:name="android.support.PARENT_ACTIVITY"
37-->src\main\AndroidManifest.xml:26:17-63
38                android:value=".HomeActivity" />
38-->src\main\AndroidManifest.xml:27:17-46
39        </activity>
40        <activity
40-->src\main\AndroidManifest.xml:29:9-37:20
41            android:name="com.example.translan.ConversationActivity"
41-->src\main\AndroidManifest.xml:30:13-49
42            android:label="Conversation"
42-->src\main\AndroidManifest.xml:31:13-41
43            android:parentActivityName="com.example.translan.HomeActivity"
43-->src\main\AndroidManifest.xml:32:13-55
44            android:screenOrientation="portrait" >
44-->src\main\AndroidManifest.xml:33:13-49
45            <meta-data
45-->src\main\AndroidManifest.xml:25:13-27:49
46                android:name="android.support.PARENT_ACTIVITY"
46-->src\main\AndroidManifest.xml:26:17-63
47                android:value=".HomeActivity" />
47-->src\main\AndroidManifest.xml:27:17-46
48        </activity>
49        <activity
49-->src\main\AndroidManifest.xml:38:9-46:20
50            android:name="com.example.translan.TranslationActivity"
50-->src\main\AndroidManifest.xml:39:13-48
51            android:label="Translate"
51-->src\main\AndroidManifest.xml:40:13-38
52            android:parentActivityName="com.example.translan.HomeActivity"
52-->src\main\AndroidManifest.xml:41:13-55
53            android:screenOrientation="portrait" >
53-->src\main\AndroidManifest.xml:42:13-49
54            <meta-data
54-->src\main\AndroidManifest.xml:25:13-27:49
55                android:name="android.support.PARENT_ACTIVITY"
55-->src\main\AndroidManifest.xml:26:17-63
56                android:value=".HomeActivity" />
56-->src\main\AndroidManifest.xml:27:17-46
57        </activity>
58    </application>
59
60</manifest>